{
  "RSpec": {
    "coverage": {
      "C:/Repository/BitBucket/Mirage/web-service/spec/models/answer_spec.rb": [
        1,
        null,
        1,
        1,
        null
      ],
      "C:/Repository/BitBucket/Mirage/web-service/spec/rails_helper.rb": [
        null,
        1,
        1,
        null,
        1,
        1,
        1,
        1,
        null,
        null,
        null,
        null,
        null,
        null,
        null,
        null,
        null,
        null,
        null,
        null,
        null,
        null,
        null,
        null,
        null,
        null,
        null,
        1,
        null,
        1,
        null,
        null,
        null,
        1,
        null,
        null,
        null,
        null,
        1,
        null,
        null,
        null,
        null,
        null,
        null,
        null,
        null,
        null,
        null,
        null,
        null,
        null,
        null,
        1,
        null,
        null,
        1,
        null,
        null,
        null,
        1,
        1,
        null,
        1,
        null,
        null,
        1,
        1,
        1,
        null,
        1,
        null,
        null,
        null
      ],
      "C:/Repository/BitBucket/Mirage/web-service/config/environment.rb": [
        null,
        1,
        null,
        null,
        1
      ],
      "C:/Repository/BitBucket/Mirage/web-service/config/application.rb": [
        1,
        null,
        1,
        null,
        1,
        1,
        1,
        1,
        1,
        1,
        null,
        null,
        null,
        null,
        1,
        null,
        1,
        1,
        null,
        null,
        null,
        null,
        null,
        null,
        null,
        null,
        null,
        null,
        null,
        null,
        null,
        1,
        null,
        1,
        1,
        1,
        null,
        1,
        null,
        null,
        null
      ],
      "C:/Repository/BitBucket/Mirage/web-service/config/boot.rb": [
        1,
        null,
        1
      ],
      "C:/Repository/BitBucket/Mirage/web-service/config/environments/test.rb": [
        1,
        null,
        null,
        null,
        null,
        null,
        null,
        1,
        null,
        null,
        null,
        null,
        1,
        null,
        null,
        1,
        1,
        null,
        null,
        1,
        1,
        null,
        null,
        1,
        null,
        null,
        1,
        null,
        null,
        null,
        null,
        1,
        null,
        null,
        1,
        null,
        null,
        1,
        null,
        null,
        null,
        null
      ],
      "C:/Repository/BitBucket/Mirage/web-service/config/initializers/assets.rb": [
        null,
        null,
        null,
        1,
        null,
        null,
        null,
        null,
        null,
        null,
        null
      ],
      "C:/Repository/BitBucket/Mirage/web-service/config/initializers/backtrace_silencers.rb": [
        null,
        null,
        null,
        null,
        null,
        null,
        null
      ],
      "C:/Repository/BitBucket/Mirage/web-service/config/initializers/cookies_serializer.rb": [
        null,
        null,
        1
      ],
      "C:/Repository/BitBucket/Mirage/web-service/config/initializers/filter_parameter_logging.rb": [
        null,
        null,
        null,
        1
      ],
      "C:/Repository/BitBucket/Mirage/web-service/config/initializers/inflections.rb": [
        null,
        null,
        null,
        null,
        null,
        null,
        null,
        null,
        null,
        null,
        null,
        null,
        null,
        null,
        null,
        null
      ],
      "C:/Repository/BitBucket/Mirage/web-service/config/initializers/mime_types.rb": [
        null,
        null,
        null,
        null
      ],
      "C:/Repository/BitBucket/Mirage/web-service/config/initializers/session_store.rb": [
        null,
        null,
        1
      ],
      "C:/Repository/BitBucket/Mirage/web-service/config/initializers/wrap_parameters.rb": [
        null,
        null,
        null,
        null,
        null,
        null,
        1,
        1,
        null,
        null,
        null,
        null,
        null,
        null
      ],
      "C:/Repository/BitBucket/Mirage/web-service/spec/factories/answers.rb": [
        1,
        1,
        null,
        null,
        null
      ],
      "C:/Repository/BitBucket/Mirage/web-service/spec/factories/enrolls.rb": [
        1,
        1,
        null,
        null,
        null
      ],
      "C:/Repository/BitBucket/Mirage/web-service/spec/factories/events.rb": [
        1,
        1,
        null,
        null,
        null
      ],
      "C:/Repository/BitBucket/Mirage/web-service/spec/factories/instructions.rb": [
        1,
        1,
        null,
        null,
        null
      ],
      "C:/Repository/BitBucket/Mirage/web-service/spec/factories/lectures.rb": [
        1,
        1,
        null,
        null,
        null
      ],
      "C:/Repository/BitBucket/Mirage/web-service/spec/factories/people.rb": [
        1,
        1,
        null,
        null,
        null
      ],
      "C:/Repository/BitBucket/Mirage/web-service/spec/factories/presentations.rb": [
        1,
        1,
        null,
        null,
        null
      ],
      "C:/Repository/BitBucket/Mirage/web-service/spec/factories/questions.rb": [
        1,
        1,
        null,
        null,
        null
      ],
      "C:/Repository/BitBucket/Mirage/web-service/spec/factories/users.rb": [
        1,
        1,
        null,
        null,
        null
      ],
      "C:/Repository/BitBucket/Mirage/web-service/config/routes.rb": [
        1,
        null,
        null,
        null,
        null,
        null,
        null,
        null,
        null,
        null,
        null,
        null,
        null,
        null,
        null,
        null,
        null,
        null,
        null,
        null,
        null,
        null,
        null,
        null,
        null,
        null,
        null,
        null,
        null,
        null,
        null,
        null,
        null,
        null,
        null,
        null,
        null,
        null,
        null,
        null,
        null,
        null,
        null,
        null,
        null,
        null,
        null,
        null,
        null,
        null,
        null,
        null,
        null,
        null,
        null,
        null
      ],
      "C:/Repository/BitBucket/Mirage/web-service/app/helpers/application_helper.rb": [
        1,
        null
      ],
      "C:/Repository/BitBucket/Mirage/web-service/app/models/answer.rb": [
        null,
        null,
        null,
        null,
        null,
        null,
        null,
        null,
        null,
        null,
        null,
        null,
        1,
        1,
        1,
        null
      ],
      "C:/Repository/BitBucket/Mirage/web-service/spec/models/enroll_spec.rb": [
        1,
        null,
        1,
        1,
        null
      ],
      "C:/Repository/BitBucket/Mirage/web-service/app/models/enroll.rb": [
        null,
        null,
        null,
        null,
        null,
        null,
        null,
        null,
        null,
        null,
        1,
        1,
        1,
        null
      ],
      "C:/Repository/BitBucket/Mirage/web-service/spec/models/event_spec.rb": [
        1,
        null,
        1,
        1,
        null
      ],
      "C:/Repository/BitBucket/Mirage/web-service/app/models/event.rb": [
        null,
        null,
        null,
        null,
        null,
        null,
        null,
        null,
        null,
        null,
        1,
        1,
        null
      ],
      "C:/Repository/BitBucket/Mirage/web-service/spec/models/instruction_spec.rb": [
        1,
        null,
        1,
        1,
        null
      ],
      "C:/Repository/BitBucket/Mirage/web-service/app/models/instruction.rb": [
        null,
        null,
        null,
        null,
        null,
        null,
        null,
        null,
        null,
        null,
        null,
        null,
        1,
        1,
        1,
        1,
        1,
        null
      ],
      "C:/Repository/BitBucket/Mirage/web-service/spec/models/lecture_spec.rb": [
        1,
        null,
        1,
        1,
        null
      ],
      "C:/Repository/BitBucket/Mirage/web-service/app/models/lecture.rb": [
        null,
        null,
        null,
        null,
        null,
        null,
        null,
        null,
        null,
        null,
        1,
        1,
        null
      ],
      "C:/Repository/BitBucket/Mirage/web-service/spec/models/person_spec.rb": [
        1,
        null,
        1,
        1,
        null
      ],
      "C:/Repository/BitBucket/Mirage/web-service/app/models/person.rb": [
        null,
        null,
        null,
        null,
        null,
        null,
        null,
        null,
        null,
        1,
        1,
        1,
        1,
        1,
        1,
        1,
        null
      ],
      "C:/Repository/BitBucket/Mirage/web-service/spec/models/presentation_spec.rb": [
        1,
        null,
        1,
        1,
        null
      ],
      "C:/Repository/BitBucket/Mirage/web-service/app/models/presentation.rb": [
        null,
        null,
        null,
        null,
        null,
        null,
        null,
        null,
        null,
        null,
        null,
        null,
        1,
        1,
        1,
        null
      ],
      "C:/Repository/BitBucket/Mirage/web-service/spec/models/question_spec.rb": [
        1,
        null,
        1,
        1,
        null
      ],
      "C:/Repository/BitBucket/Mirage/web-service/app/models/question.rb": [
        null,
        null,
        null,
        null,
        null,
        null,
        null,
        null,
        null,
        null,
        null,
        null,
        1,
        1,
        1,
        null
      ],
      "C:/Repository/BitBucket/Mirage/web-service/spec/models/user_spec.rb": [
        1,
        null,
        1,
        1,
        null
      ],
      "C:/Repository/BitBucket/Mirage/web-service/app/models/user.rb": [
        null,
        null,
        null,
        null,
        null,
        null,
        null,
        null,
        null,
        1,
        1,
        null
      ]
    },
    "timestamp": 1464115549
  }
}
