{
  "RSpec": {
    "coverage": {
      "C:/Repository/BitBucket/Mirage/web-service/spec/controllers/answers_controller_spec.rb": [
        1,
        null,
        1,
        null,
        null
      ],
      "C:/Repository/BitBucket/Mirage/web-service/spec/rails_helper.rb": [
        null,
        1,
        1,
        null,
        1,
        1,
        1,
        1,
        null,
        null,
        null,
        null,
        null,
        null,
        null,
        null,
        null,
        null,
        null,
        null,
        null,
        null,
        null,
        null,
        null,
        null,
        null,
        1,
        null,
        1,
        null,
        null,
        null,
        1,
        null,
        null,
        null,
        null,
        1,
        null,
        null,
        null,
        null,
        null,
        null,
        null,
        null,
        null,
        null,
        null,
        null,
        null,
        null,
        1,
        null,
        null,
        1,
        null,
        null,
        null,
        1,
        1,
        null,
        1,
        null,
        null,
        1,
        1,
        1,
        null,
        1,
        null,
        null,
        null
      ],
      "C:/Repository/BitBucket/Mirage/web-service/config/environment.rb": [
        null,
        1,
        null,
        null,
        1
      ],
      "C:/Repository/BitBucket/Mirage/web-service/config/application.rb": [
        1,
        null,
        1,
        null,
        1,
        1,
        1,
        1,
        1,
        1,
        null,
        null,
        null,
        null,
        null,
        1,
        null,
        1,
        1,
        null,
        null,
        null,
        null,
        null,
        null,
        null,
        null,
        null,
        null,
        null,
        null,
        null,
        1,
        null,
        null,
        1,
        null,
        1,
        null,
        1,
        1,
        1,
        null,
        1,
        null,
        1,
        1,
        1,
        null,
        null,
        null
      ],
      "C:/Repository/BitBucket/Mirage/web-service/config/boot.rb": [
        1,
        null,
        1
      ],
      "C:/Repository/BitBucket/Mirage/web-service/config/environments/test.rb": [
        1,
        null,
        null,
        null,
        null,
        null,
        null,
        1,
        null,
        null,
        null,
        null,
        1,
        null,
        null,
        1,
        1,
        null,
        null,
        1,
        1,
        null,
        null,
        1,
        null,
        null,
        1,
        null,
        null,
        null,
        null,
        1,
        null,
        null,
        1,
        null,
        null,
        1,
        null,
        null,
        null,
        null
      ],
      "C:/Repository/BitBucket/Mirage/web-service/config/initializers/backtrace_silencers.rb": [
        null,
        null,
        null,
        null,
        null,
        null,
        null
      ],
      "C:/Repository/BitBucket/Mirage/web-service/config/initializers/cookies_serializer.rb": [
        null,
        null,
        1
      ],
      "C:/Repository/BitBucket/Mirage/web-service/config/initializers/filter_parameter_logging.rb": [
        null,
        null,
        null,
        1
      ],
      "C:/Repository/BitBucket/Mirage/web-service/config/initializers/inflections.rb": [
        null,
        null,
        null,
        null,
        null,
        null,
        null,
        null,
        null,
        null,
        null,
        null,
        null,
        null,
        null,
        null
      ],
      "C:/Repository/BitBucket/Mirage/web-service/config/initializers/mime_types.rb": [
        null,
        null,
        null,
        null
      ],
      "C:/Repository/BitBucket/Mirage/web-service/config/initializers/session_store.rb": [
        null,
        null,
        1
      ],
      "C:/Repository/BitBucket/Mirage/web-service/config/initializers/wrap_parameters.rb": [
        null,
        null,
        null,
        null,
        null,
        null,
        1,
        2,
        null,
        null,
        null,
        null,
        null,
        null
      ],
      "C:/Repository/BitBucket/Mirage/web-service/spec/factories/answers.rb": [
        null,
        null,
        null,
        null,
        null,
        null,
        null,
        null,
        null,
        null,
        null,
        null,
        1,
        1,
        null,
        null,
        null
      ],
      "C:/Repository/BitBucket/Mirage/web-service/spec/factories/enrolls.rb": [
        null,
        null,
        null,
        null,
        null,
        null,
        null,
        null,
        null,
        null,
        1,
        1,
        null,
        null,
        null
      ],
      "C:/Repository/BitBucket/Mirage/web-service/spec/factories/events.rb": [
        null,
        null,
        null,
        null,
        null,
        null,
        null,
        null,
        null,
        null,
        1,
        1,
        null,
        null,
        null
      ],
      "C:/Repository/BitBucket/Mirage/web-service/spec/factories/instructions.rb": [
        null,
        null,
        null,
        null,
        null,
        null,
        null,
        null,
        null,
        null,
        null,
        null,
        1,
        1,
        null,
        null,
        null
      ],
      "C:/Repository/BitBucket/Mirage/web-service/spec/factories/lectures.rb": [
        null,
        null,
        null,
        null,
        null,
        null,
        null,
        null,
        null,
        null,
        1,
        1,
        null,
        null,
        null
      ],
      "C:/Repository/BitBucket/Mirage/web-service/spec/factories/people.rb": [
        null,
        null,
        null,
        null,
        null,
        null,
        null,
        null,
        null,
        1,
        1,
        null,
        null,
        null
      ],
      "C:/Repository/BitBucket/Mirage/web-service/spec/factories/presentations.rb": [
        null,
        null,
        null,
        null,
        null,
        null,
        null,
        null,
        null,
        null,
        null,
        null,
        1,
        1,
        null,
        null,
        null
      ],
      "C:/Repository/BitBucket/Mirage/web-service/spec/factories/questions.rb": [
        null,
        null,
        null,
        null,
        null,
        null,
        null,
        null,
        null,
        null,
        null,
        null,
        1,
        1,
        null,
        null,
        null
      ],
      "C:/Repository/BitBucket/Mirage/web-service/spec/factories/users.rb": [
        null,
        null,
        null,
        null,
        null,
        null,
        null,
        null,
        null,
        1,
        1,
        null,
        null,
        null
      ],
      "C:/Repository/BitBucket/Mirage/web-service/config/routes.rb": [
        1,
        null,
        null,
        null,
        null,
        null,
        null,
        null,
        null,
        null,
        null,
        null,
        null,
        null,
        null,
        null,
        null,
        null,
        null,
        null,
        null,
        null,
        null,
        null,
        null,
        null,
        null,
        null,
        null,
        null,
        null,
        null,
        null,
        null,
        null,
        null,
        null,
        null,
        null,
        null,
        null,
        null,
        null,
        null,
        null,
        null,
        null,
        null,
        null,
        null,
        null,
        null,
        null,
        null,
        null,
        null,
        1,
        1,
        1,
        1,
        1,
        1,
        null,
        null,
        null,
        null,
        null,
        1,
        1,
        1,
        1,
        1,
        1,
        1,
        null,
        null,
        null
      ],
      "C:/Repository/BitBucket/Mirage/web-service/app/helpers/application_helper.rb": [
        1,
        null
      ],
      "C:/Repository/BitBucket/Mirage/web-service/app/controllers/answers_controller.rb": [
        1,
        1,
        0,
        null,
        null,
        1,
        0,
        null,
        null,
        1,
        0,
        0,
        null,
        0,
        null,
        0,
        0,
        null,
        null,
        1,
        0,
        null,
        null,
        1,
        0,
        null,
        null,
        1,
        0,
        null,
        null,
        1,
        0,
        null,
        null
      ],
      "C:/Repository/BitBucket/Mirage/web-service/app/controllers/application_controller.rb": [
        1,
        null,
        null,
        null,
        null,
        1,
        null,
        1,
        0,
        null,
        0,
        0,
        null,
        null,
        0,
        null,
        null,
        1,
        0,
        null,
        null
      ],
      "C:/Repository/BitBucket/Mirage/web-service/spec/controllers/events_controller_spec.rb": [
        1,
        null,
        1,
        null,
        null
      ],
      "C:/Repository/BitBucket/Mirage/web-service/app/controllers/events_controller.rb": [
        1,
        1,
        0,
        null,
        null,
        1,
        0,
        null,
        null,
        1,
        0,
        0,
        0,
        null,
        null,
        1,
        0,
        null,
        null,
        1,
        0,
        null,
        null,
        1,
        0,
        null,
        null,
        1,
        0,
        null,
        null
      ],
      "C:/Repository/BitBucket/Mirage/web-service/spec/controllers/instructions_controller_spec.rb": [
        1,
        null,
        1,
        null,
        null
      ],
      "C:/Repository/BitBucket/Mirage/web-service/app/controllers/instructions_controller.rb": [
        1,
        1,
        0,
        null,
        null,
        1,
        0,
        null,
        null,
        1,
        0,
        0,
        0,
        null,
        null,
        0,
        0,
        null,
        null,
        1,
        0,
        null,
        null,
        1,
        0,
        null,
        null,
        1,
        0,
        null,
        null,
        1,
        0,
        null,
        null
      ],
      "C:/Repository/BitBucket/Mirage/web-service/spec/controllers/lectures_controller_spec.rb": [
        1,
        null,
        1,
        null,
        null
      ],
      "C:/Repository/BitBucket/Mirage/web-service/app/controllers/lectures_controller.rb": [
        1,
        1,
        0,
        null,
        null,
        1,
        0,
        null,
        null,
        1,
        0,
        0,
        0,
        null,
        null,
        1,
        0,
        null,
        null,
        1,
        0,
        null,
        null,
        1,
        0,
        null,
        null,
        1,
        0,
        null,
        null
      ],
      "C:/Repository/BitBucket/Mirage/web-service/spec/controllers/people_controller_spec.rb": [
        1,
        null,
        1,
        null,
        null
      ],
      "C:/Repository/BitBucket/Mirage/web-service/app/controllers/people_controller.rb": [
        1,
        1,
        0,
        null,
        null,
        1,
        0,
        null,
        null,
        1,
        0,
        0,
        0,
        0,
        null,
        null,
        1,
        0,
        null,
        null,
        1,
        0,
        null,
        null,
        1,
        0,
        null,
        null,
        1,
        0,
        null,
        null
      ],
      "C:/Repository/BitBucket/Mirage/web-service/spec/controllers/presentations_controller_spec.rb": [
        1,
        null,
        1,
        null,
        null
      ],
      "C:/Repository/BitBucket/Mirage/web-service/app/controllers/presentations_controller.rb": [
        1,
        1,
        0,
        null,
        null,
        1,
        0,
        null,
        null,
        1,
        0,
        0,
        0,
        null,
        0,
        0,
        null,
        null,
        1,
        0,
        null,
        null,
        1,
        0,
        null,
        null,
        1,
        0,
        null,
        null,
        1,
        0,
        null,
        null
      ],
      "C:/Repository/BitBucket/Mirage/web-service/spec/controllers/questions_controller_spec.rb": [
        1,
        null,
        1,
        null,
        null
      ],
      "C:/Repository/BitBucket/Mirage/web-service/app/controllers/questions_controller.rb": [
        1,
        1,
        0,
        null,
        null,
        1,
        0,
        null,
        null,
        1,
        0,
        0,
        0,
        0,
        null,
        0,
        0,
        null,
        null,
        1,
        0,
        null,
        null,
        1,
        0,
        null,
        null,
        1,
        0,
        null,
        null,
        1,
        0,
        null,
        null
      ],
      "C:/Repository/BitBucket/Mirage/web-service/spec/controllers/sessions_controller_spec.rb": [
        1,
        null,
        1,
        null,
        null
      ],
      "C:/Repository/BitBucket/Mirage/web-service/app/controllers/sessions_controller.rb": [
        1,
        1,
        0,
        null,
        null,
        1,
        0,
        0,
        0,
        0,
        0,
        0,
        0,
        null,
        0,
        null,
        null,
        null,
        1,
        0,
        0,
        null,
        null,
        1,
        0,
        null,
        null,
        1,
        0,
        null,
        null,
        1,
        0,
        0,
        null,
        null,
        1,
        0,
        0,
        null,
        null
      ],
      "C:/Repository/BitBucket/Mirage/web-service/spec/controllers/users_controller_spec.rb": [
        1,
        null,
        1,
        null,
        null
      ],
      "C:/Repository/BitBucket/Mirage/web-service/app/controllers/users_controller.rb": [
        1,
        1,
        0,
        null,
        null,
        1,
        0,
        null,
        null,
        1,
        0,
        0,
        0,
        null,
        null,
        1,
        0,
        null,
        null,
        1,
        0,
        null,
        null,
        1,
        0,
        null,
        null,
        1,
        0,
        null,
        null
      ],
      "C:/Repository/BitBucket/Mirage/web-service/spec/models/answer_spec.rb": [
        null,
        null,
        null,
        null,
        null,
        null,
        null,
        null,
        null,
        null,
        null,
        null,
        1,
        null,
        1,
        2,
        2,
        2,
        2,
        null,
        2,
        2,
        null
      ],
      "C:/Repository/BitBucket/Mirage/web-service/app/models/answer.rb": [
        null,
        null,
        null,
        null,
        null,
        null,
        null,
        null,
        null,
        null,
        null,
        null,
        1,
        1,
        1,
        null,
        1,
        1,
        1,
        null
      ],
      "C:/Repository/BitBucket/Mirage/web-service/spec/models/enroll_spec.rb": [
        null,
        null,
        null,
        null,
        null,
        null,
        null,
        null,
        null,
        null,
        1,
        null,
        1,
        2,
        null,
        2,
        2,
        null
      ],
      "C:/Repository/BitBucket/Mirage/web-service/app/models/enroll.rb": [
        null,
        null,
        null,
        null,
        null,
        null,
        null,
        null,
        null,
        null,
        1,
        1,
        1,
        null,
        1,
        null
      ],
      "C:/Repository/BitBucket/Mirage/web-service/spec/models/event_spec.rb": [
        null,
        null,
        null,
        null,
        null,
        null,
        null,
        null,
        null,
        null,
        1,
        null,
        1,
        2,
        2,
        2,
        2,
        null,
        2,
        null
      ],
      "C:/Repository/BitBucket/Mirage/web-service/app/models/event.rb": [
        null,
        null,
        null,
        null,
        null,
        null,
        null,
        null,
        null,
        null,
        1,
        1,
        null,
        1,
        1,
        1,
        null
      ],
      "C:/Repository/BitBucket/Mirage/web-service/spec/models/instruction_spec.rb": [
        null,
        null,
        null,
        null,
        null,
        null,
        null,
        null,
        null,
        null,
        null,
        null,
        1,
        null,
        1,
        2,
        2,
        2,
        2,
        null,
        2,
        2,
        2,
        2,
        null
      ],
      "C:/Repository/BitBucket/Mirage/web-service/app/models/instruction.rb": [
        null,
        null,
        null,
        null,
        null,
        null,
        null,
        null,
        null,
        null,
        null,
        null,
        1,
        1,
        1,
        1,
        1,
        null,
        1,
        1,
        null
      ],
      "C:/Repository/BitBucket/Mirage/web-service/spec/models/lecture_spec.rb": [
        null,
        null,
        null,
        null,
        null,
        null,
        null,
        null,
        null,
        null,
        1,
        null,
        1,
        2,
        2,
        2,
        2,
        null,
        2,
        null
      ],
      "C:/Repository/BitBucket/Mirage/web-service/app/models/lecture.rb": [
        null,
        null,
        null,
        null,
        null,
        null,
        null,
        null,
        null,
        null,
        1,
        1,
        null,
        1,
        1,
        1,
        null
      ],
      "C:/Repository/BitBucket/Mirage/web-service/spec/models/person_spec.rb": [
        null,
        null,
        null,
        null,
        null,
        null,
        null,
        null,
        null,
        1,
        null,
        1,
        2,
        2,
        null,
        2,
        2,
        2,
        2,
        2,
        2,
        null
      ],
      "C:/Repository/BitBucket/Mirage/web-service/app/models/person.rb": [
        null,
        null,
        null,
        null,
        null,
        null,
        null,
        null,
        null,
        1,
        1,
        1,
        1,
        1,
        1,
        1,
        null,
        1,
        1,
        null
      ],
      "C:/Repository/BitBucket/Mirage/web-service/spec/models/presentation_spec.rb": [
        null,
        null,
        null,
        null,
        null,
        null,
        null,
        null,
        null,
        null,
        null,
        null,
        1,
        null,
        1,
        2,
        2,
        2,
        2,
        null,
        2,
        2,
        2,
        null
      ],
      "C:/Repository/BitBucket/Mirage/web-service/app/models/presentation.rb": [
        null,
        null,
        null,
        null,
        null,
        null,
        null,
        null,
        null,
        null,
        null,
        null,
        1,
        1,
        1,
        1,
        null,
        1,
        1,
        null
      ],
      "C:/Repository/BitBucket/Mirage/web-service/spec/models/question_spec.rb": [
        null,
        null,
        null,
        null,
        null,
        null,
        null,
        null,
        null,
        null,
        null,
        null,
        1,
        null,
        1,
        2,
        2,
        2,
        2,
        null,
        2,
        2,
        2,
        null
      ],
      "C:/Repository/BitBucket/Mirage/web-service/app/models/question.rb": [
        null,
        null,
        null,
        null,
        null,
        null,
        null,
        null,
        null,
        null,
        null,
        null,
        1,
        1,
        1,
        1,
        null,
        1,
        1,
        1,
        null
      ],
      "C:/Repository/BitBucket/Mirage/web-service/spec/models/session_spec.rb": [
        null,
        null,
        null,
        null,
        null,
        null,
        null,
        null,
        null,
        null,
        null,
        1,
        null,
        1,
        2,
        2,
        null,
        2,
        null
      ],
      "C:/Repository/BitBucket/Mirage/web-service/app/models/session.rb": [
        null,
        null,
        null,
        null,
        null,
        null,
        null,
        null,
        null,
        null,
        null,
        1,
        1,
        null,
        1,
        null
      ],
      "C:/Repository/BitBucket/Mirage/web-service/spec/models/user_spec.rb": [
        null,
        null,
        null,
        null,
        null,
        null,
        null,
        null,
        null,
        1,
        null,
        1,
        2,
        2,
        2,
        2,
        null,
        2,
        null
      ],
      "C:/Repository/BitBucket/Mirage/web-service/app/models/user.rb": [
        null,
        null,
        null,
        null,
        null,
        null,
        null,
        null,
        null,
        1,
        1,
        1,
        null,
        1,
        1,
        1,
        null
      ]
    },
    "timestamp": 1466011246
  }
}
